2022-03-27 17:18:29  WM_QUERYENDSESSION =====================================
2022-03-27 17:18:30  C:\Users\Dessyreqt\AppData\Roaming\Notepad++\config.xml is opened.
2022-03-27 17:18:30  C:\Users\Dessyreqt\AppData\Roaming\Notepad++\config.xml  7364/7364 bytes are written.
2022-03-27 17:18:30  C:\Users\Dessyreqt\AppData\Roaming\Notepad++\config.xml is closed.
2022-03-27 17:18:30  C:\Users\Dessyreqt\AppData\Roaming\Notepad++\session.xml is opened.
2022-03-27 17:18:30  C:\Users\Dessyreqt\AppData\Roaming\Notepad++\session.xml  2555/2555 bytes are written.
2022-03-27 17:18:30  C:\Users\Dessyreqt\AppData\Roaming\Notepad++\session.xml is closed.
2022-03-27 17:18:30  WM_ENDSESSION
2022-03-27 17:18:30  WM_DESTROY
2022-04-24 16:12:06  WM_QUERYENDSESSION =====================================
2022-04-24 16:12:07  C:\Users\Dessyreqt\AppData\Roaming\Notepad++\config.xml is opened.
2022-04-24 16:12:07  C:\Users\Dessyreqt\AppData\Roaming\Notepad++\config.xml  7471/7471 bytes are written.
2022-04-24 16:12:07  C:\Users\Dessyreqt\AppData\Roaming\Notepad++\config.xml is closed.
2022-04-24 16:12:07  C:\Users\Dessyreqt\AppData\Roaming\Notepad++\session.xml is opened.
2022-04-24 16:12:07  C:\Users\Dessyreqt\AppData\Roaming\Notepad++\session.xml  3147/3147 bytes are written.
2022-04-24 16:12:07  C:\Users\Dessyreqt\AppData\Roaming\Notepad++\session.xml is closed.
2022-04-24 16:12:07  WM_ENDSESSION
2022-04-24 16:12:07  WM_DESTROY
2022-05-15 13:35:46  WM_QUERYENDSESSION =====================================
2022-05-15 13:35:46  C:\Users\Dessyreqt\AppData\Roaming\Notepad++\config.xml is opened.
2022-05-15 13:35:46  C:\Users\Dessyreqt\AppData\Roaming\Notepad++\config.xml  7621/7621 bytes are written.
2022-05-15 13:35:46  C:\Users\Dessyreqt\AppData\Roaming\Notepad++\config.xml is closed.
2022-05-15 13:35:46  C:\Users\Dessyreqt\AppData\Roaming\Notepad++\session.xml is opened.
2022-05-15 13:35:46  C:\Users\Dessyreqt\AppData\Roaming\Notepad++\session.xml  3739/3739 bytes are written.
2022-05-15 13:35:46  C:\Users\Dessyreqt\AppData\Roaming\Notepad++\session.xml is closed.
2022-05-15 13:35:46  WM_ENDSESSION
2022-05-15 13:35:46  WM_DESTROY
2022-06-11 14:07:56  WM_QUERYENDSESSION =====================================
2022-06-11 14:07:57  C:\Users\Dessyreqt\AppData\Roaming\Notepad++\config.xml is opened.
2022-06-11 14:07:57  C:\Users\Dessyreqt\AppData\Roaming\Notepad++\config.xml  7889/7889 bytes are written.
2022-06-11 14:07:57  C:\Users\Dessyreqt\AppData\Roaming\Notepad++\config.xml is closed.
2022-06-11 14:07:57  C:\Users\Dessyreqt\AppData\Roaming\Notepad++\session.xml is opened.
2022-06-11 14:07:57  C:\Users\Dessyreqt\AppData\Roaming\Notepad++\session.xml  3165/3165 bytes are written.
2022-06-11 14:07:57  C:\Users\Dessyreqt\AppData\Roaming\Notepad++\session.xml is closed.
2022-06-11 14:07:57  WM_ENDSESSION
2022-06-11 14:07:57  WM_DESTROY
2022-07-08 15:01:13  WM_QUERYENDSESSION =====================================
2022-07-08 15:01:13  C:\Users\Dessyreqt\AppData\Roaming\Notepad++\config.xml is opened.
2022-07-08 15:01:13  C:\Users\Dessyreqt\AppData\Roaming\Notepad++\config.xml  8421/8421 bytes are written.
2022-07-08 15:01:13  C:\Users\Dessyreqt\AppData\Roaming\Notepad++\config.xml is closed.
2022-07-08 15:01:13  C:\Users\Dessyreqt\AppData\Roaming\Notepad++\session.xml is opened.
2022-07-08 15:01:13  C:\Users\Dessyreqt\AppData\Roaming\Notepad++\session.xml  3166/3166 bytes are written.
2022-07-08 15:01:13  C:\Users\Dessyreqt\AppData\Roaming\Notepad++\session.xml is closed.
2022-07-08 15:01:13  WM_ENDSESSION
2022-07-08 15:01:13  WM_DESTROY
2022-07-09 23:43:14  WM_QUERYENDSESSION =====================================
2022-07-09 23:43:15  C:\Users\Dessyreqt\AppData\Roaming\Notepad++\config.xml is opened.
2022-07-09 23:43:15  C:\Users\Dessyreqt\AppData\Roaming\Notepad++\config.xml  8506/8506 bytes are written.
2022-07-09 23:43:15  C:\Users\Dessyreqt\AppData\Roaming\Notepad++\config.xml is closed.
2022-07-09 23:43:15  C:\Users\Dessyreqt\AppData\Roaming\Notepad++\session.xml is opened.
2022-07-09 23:43:15  C:\Users\Dessyreqt\AppData\Roaming\Notepad++\session.xml  3745/3745 bytes are written.
2022-07-09 23:43:15  C:\Users\Dessyreqt\AppData\Roaming\Notepad++\session.xml is closed.
2022-07-09 23:43:15  WM_ENDSESSION
2022-07-09 23:43:15  WM_DESTROY
2022-07-13 00:26:47  WM_QUERYENDSESSION =====================================
2022-07-13 00:26:47  C:\Users\Dessyreqt\AppData\Roaming\Notepad++\config.xml is opened.
2022-07-13 00:26:47  C:\Users\Dessyreqt\AppData\Roaming\Notepad++\config.xml  8586/8586 bytes are written.
2022-07-13 00:26:47  C:\Users\Dessyreqt\AppData\Roaming\Notepad++\config.xml is closed.
2022-07-13 00:26:47  C:\Users\Dessyreqt\AppData\Roaming\Notepad++\session.xml is opened.
2022-07-13 00:26:47  C:\Users\Dessyreqt\AppData\Roaming\Notepad++\session.xml  4330/4330 bytes are written.
2022-07-13 00:26:47  C:\Users\Dessyreqt\AppData\Roaming\Notepad++\session.xml is closed.
2022-07-13 00:26:47  WM_ENDSESSION
2022-07-13 00:26:47  WM_DESTROY
2022-07-16 21:51:58  WM_QUERYENDSESSION =====================================
2022-07-16 21:51:59  C:\Users\Dessyreqt\AppData\Roaming\Notepad++\config.xml is opened.
2022-07-16 21:51:59  C:\Users\Dessyreqt\AppData\Roaming\Notepad++\config.xml  8586/8586 bytes are written.
2022-07-16 21:51:59  C:\Users\Dessyreqt\AppData\Roaming\Notepad++\config.xml is closed.
2022-07-16 21:51:59  C:\Users\Dessyreqt\AppData\Roaming\Notepad++\session.xml is opened.
2022-07-16 21:51:59  C:\Users\Dessyreqt\AppData\Roaming\Notepad++\session.xml  4901/4901 bytes are written.
2022-07-16 21:51:59  C:\Users\Dessyreqt\AppData\Roaming\Notepad++\session.xml is closed.
2022-07-16 21:51:59  WM_ENDSESSION
2022-07-16 21:51:59  WM_DESTROY
2022-07-24 01:44:00  WM_QUERYENDSESSION =====================================
2022-07-24 01:44:00  C:\Users\Dessyreqt\AppData\Roaming\Notepad++\config.xml is opened.
2022-07-24 01:44:00  C:\Users\Dessyreqt\AppData\Roaming\Notepad++\config.xml  8586/8586 bytes are written.
2022-07-24 01:44:00  C:\Users\Dessyreqt\AppData\Roaming\Notepad++\config.xml is closed.
2022-07-24 01:44:00  C:\Users\Dessyreqt\AppData\Roaming\Notepad++\session.xml is opened.
2022-07-24 01:44:00  C:\Users\Dessyreqt\AppData\Roaming\Notepad++\session.xml  4899/4899 bytes are written.
2022-07-24 01:44:00  C:\Users\Dessyreqt\AppData\Roaming\Notepad++\session.xml is closed.
2022-07-24 01:44:00  WM_ENDSESSION
2022-07-24 01:44:00  WM_DESTROY
2022-08-26 01:00:19  WM_QUERYENDSESSION =====================================
2022-08-26 01:00:19  C:\Users\Dessyreqt\AppData\Roaming\Notepad++\config.xml is opened.
2022-08-26 01:00:19  C:\Users\Dessyreqt\AppData\Roaming\Notepad++\config.xml  8828/8828 bytes are written.
2022-08-26 01:00:19  C:\Users\Dessyreqt\AppData\Roaming\Notepad++\config.xml is closed.
2022-08-26 01:00:19  C:\Users\Dessyreqt\AppData\Roaming\Notepad++\session.xml is opened.
2022-08-26 01:00:19  C:\Users\Dessyreqt\AppData\Roaming\Notepad++\session.xml  4900/4900 bytes are written.
2022-08-26 01:00:19  C:\Users\Dessyreqt\AppData\Roaming\Notepad++\session.xml is closed.
2022-08-26 01:00:19  WM_ENDSESSION
2022-08-26 01:00:19  WM_DESTROY
2022-09-28 04:35:51  WM_QUERYENDSESSION =====================================
2022-09-28 04:35:51  C:\Users\Dessyreqt\AppData\Roaming\Notepad++\config.xml is opened.
2022-09-28 04:35:51  C:\Users\Dessyreqt\AppData\Roaming\Notepad++\config.xml  8789/8789 bytes are written.
2022-09-28 04:35:51  C:\Users\Dessyreqt\AppData\Roaming\Notepad++\config.xml is closed.
2022-09-28 04:35:51  C:\Users\Dessyreqt\AppData\Roaming\Notepad++\session.xml is opened.
2022-09-28 04:35:51  C:\Users\Dessyreqt\AppData\Roaming\Notepad++\session.xml  9700/9700 bytes are written.
2022-09-28 04:35:51  C:\Users\Dessyreqt\AppData\Roaming\Notepad++\session.xml is closed.
2022-09-28 04:35:51  WM_ENDSESSION
2022-09-28 04:35:51  WM_DESTROY
2022-11-06 13:54:44  WM_QUERYENDSESSION =====================================
2022-11-06 13:54:44  C:\Users\Dessyreqt\AppData\Roaming\Notepad++\config.xml is opened.
2022-11-06 13:54:44  C:\Users\Dessyreqt\AppData\Roaming\Notepad++\config.xml  8789/8789 bytes are written.
2022-11-06 13:54:44  C:\Users\Dessyreqt\AppData\Roaming\Notepad++\config.xml is closed.
2022-11-06 13:54:44  C:\Users\Dessyreqt\AppData\Roaming\Notepad++\session.xml is opened.
2022-11-06 13:54:44  C:\Users\Dessyreqt\AppData\Roaming\Notepad++\session.xml  9696/9696 bytes are written.
2022-11-06 13:54:44  C:\Users\Dessyreqt\AppData\Roaming\Notepad++\session.xml is closed.
2022-11-06 13:54:44  WM_ENDSESSION
2022-11-06 13:54:44  WM_DESTROY
2022-11-27 20:27:12  WM_QUERYENDSESSION (lParam: 0 - ordinary system shutdown/restart) =====================================
2022-11-27 20:27:15  WM_ENDSESSION (wParam: FALSE, lParam: 0 - ordinary system shutdown/restart)
2022-11-27 20:27:47  WM_CLOSE (isEndSessionStarted == true)
2022-11-27 20:27:47  C:\Users\Dessyreqt\AppData\Roaming\Notepad++\config.xml is opened.
2022-11-27 20:27:47  C:\Users\Dessyreqt\AppData\Roaming\Notepad++\config.xml  9661/9661 bytes are written.
2022-11-27 20:27:47  C:\Users\Dessyreqt\AppData\Roaming\Notepad++\config.xml is closed.
2022-11-27 20:27:47  C:\Users\Dessyreqt\AppData\Roaming\Notepad++\session.xml is opened.
2022-11-27 20:27:47  C:\Users\Dessyreqt\AppData\Roaming\Notepad++\session.xml  9251/9251 bytes are written.
2022-11-27 20:27:47  C:\Users\Dessyreqt\AppData\Roaming\Notepad++\session.xml is closed.
2022-11-27 20:27:47  WM_DESTROY (isEndSessionStarted == true)
2022-12-12 16:36:51  WM_QUERYENDSESSION (lParam: 0 - ordinary system shutdown/restart) =====================================
2022-12-12 16:36:55  WM_ENDSESSION (wParam: FALSE, lParam: 0 - ordinary system shutdown/restart)
2022-12-12 16:37:23  WM_CLOSE (isEndSessionStarted == true)
2022-12-12 16:37:25  C:\Users\Dessyreqt\AppData\Roaming\Notepad++\config.xml is opened.
2022-12-12 16:37:25  C:\Users\Dessyreqt\AppData\Roaming\Notepad++\config.xml  9690/9690 bytes are written.
2022-12-12 16:37:25  C:\Users\Dessyreqt\AppData\Roaming\Notepad++\config.xml is closed.
2022-12-12 16:37:25  C:\Users\Dessyreqt\AppData\Roaming\Notepad++\session.xml is opened.
2022-12-12 16:37:25  C:\Users\Dessyreqt\AppData\Roaming\Notepad++\session.xml  6872/6872 bytes are written.
2022-12-12 16:37:25  C:\Users\Dessyreqt\AppData\Roaming\Notepad++\session.xml is closed.
2022-12-12 16:37:25  WM_DESTROY (isEndSessionStarted == true)
2023-01-11 04:23:28  WM_QUERYENDSESSION (lParam: 1073741824 - ENDSESSION_CRITICAL) =====================================
2023-01-11 04:23:28  WM_ENDSESSION (wParam: TRUE, lParam: 1073741824 - ENDSESSION_CRITICAL)
2023-01-11 04:23:31  C:\Users\Dessyreqt\AppData\Roaming\Notepad++\config.xml is opened.
2023-01-11 04:23:31  C:\Users\Dessyreqt\AppData\Roaming\Notepad++\config.xml  9862/9862 bytes are written.
2023-01-11 04:23:31  C:\Users\Dessyreqt\AppData\Roaming\Notepad++\config.xml is closed.
2023-01-11 04:23:31  C:\Users\Dessyreqt\AppData\Roaming\Notepad++\session.xml is opened.
2023-01-11 04:23:31  C:\Users\Dessyreqt\AppData\Roaming\Notepad++\session.xml  3202/3202 bytes are written.
2023-01-11 04:23:31  C:\Users\Dessyreqt\AppData\Roaming\Notepad++\session.xml is closed.
2023-01-11 04:23:31  WM_DESTROY (isEndSessionStarted == true)
2023-01-12 18:06:48  WM_QUERYENDSESSION (lParam: 1073741824 - ENDSESSION_CRITICAL) =====================================
2023-01-12 18:06:48  WM_ENDSESSION (wParam: TRUE, lParam: 1073741824 - ENDSESSION_CRITICAL)
2023-01-12 18:06:49  C:\Users\Dessyreqt\AppData\Roaming\Notepad++\config.xml is opened.
2023-01-12 18:06:49  C:\Users\Dessyreqt\AppData\Roaming\Notepad++\config.xml  9861/9861 bytes are written.
2023-01-12 18:06:49  C:\Users\Dessyreqt\AppData\Roaming\Notepad++\config.xml is closed.
2023-01-12 18:06:49  C:\Users\Dessyreqt\AppData\Roaming\Notepad++\session.xml is opened.
2023-01-12 18:06:49  C:\Users\Dessyreqt\AppData\Roaming\Notepad++\session.xml  3204/3204 bytes are written.
2023-01-12 18:06:49  C:\Users\Dessyreqt\AppData\Roaming\Notepad++\session.xml is closed.
2023-01-12 18:06:49  WM_DESTROY (isEndSessionStarted == true)
2023-01-13 22:22:42  WM_QUERYENDSESSION (lParam: 1073741824 - ENDSESSION_CRITICAL) =====================================
2023-01-13 22:22:42  WM_ENDSESSION (wParam: TRUE, lParam: 1073741824 - ENDSESSION_CRITICAL)
2023-01-13 22:22:42  C:\Users\Dessyreqt\AppData\Roaming\Notepad++\config.xml is opened.
2023-01-13 22:22:42  C:\Users\Dessyreqt\AppData\Roaming\Notepad++\config.xml  9861/9861 bytes are written.
2023-01-13 22:22:42  C:\Users\Dessyreqt\AppData\Roaming\Notepad++\config.xml is closed.
2023-01-13 22:22:42  C:\Users\Dessyreqt\AppData\Roaming\Notepad++\session.xml is opened.
2023-01-13 22:22:42  C:\Users\Dessyreqt\AppData\Roaming\Notepad++\session.xml  2596/2596 bytes are written.
2023-01-13 22:22:42  C:\Users\Dessyreqt\AppData\Roaming\Notepad++\session.xml is closed.
2023-01-13 22:22:42  WM_DESTROY (isEndSessionStarted == true)
2023-01-17 21:20:36  WM_QUERYENDSESSION (lParam: 1073741824 - ENDSESSION_CRITICAL) =====================================
2023-01-17 21:20:36  WM_ENDSESSION (wParam: TRUE, lParam: 1073741824 - ENDSESSION_CRITICAL)
2023-01-17 21:20:36  C:\Users\Dessyreqt\AppData\Roaming\Notepad++\config.xml is opened.
2023-01-17 21:20:36  C:\Users\Dessyreqt\AppData\Roaming\Notepad++\config.xml  9989/9989 bytes are written.
2023-01-17 21:20:36  C:\Users\Dessyreqt\AppData\Roaming\Notepad++\config.xml is closed.
2023-01-17 21:20:36  C:\Users\Dessyreqt\AppData\Roaming\Notepad++\session.xml is opened.
2023-01-17 21:20:36  C:\Users\Dessyreqt\AppData\Roaming\Notepad++\session.xml  1981/1981 bytes are written.
2023-01-17 21:20:36  C:\Users\Dessyreqt\AppData\Roaming\Notepad++\session.xml is closed.
2023-01-17 21:20:36  WM_DESTROY (isEndSessionStarted == true)
2023-02-19 23:52:47  WM_QUERYENDSESSION (lParam: 0 - ordinary system shutdown/restart) =====================================
2023-02-19 23:52:47  WM_ENDSESSION (wParam: TRUE, lParam: 0 - ordinary system shutdown/restart)
2023-02-19 23:52:47  C:\Users\Dessyreqt\AppData\Roaming\Notepad++\config.xml is opened.
2023-02-19 23:52:47  C:\Users\Dessyreqt\AppData\Roaming\Notepad++\config.xml  10164/10164 bytes are written.
2023-02-19 23:52:47  C:\Users\Dessyreqt\AppData\Roaming\Notepad++\config.xml is closed.
2023-02-19 23:52:47  C:\Users\Dessyreqt\AppData\Roaming\Notepad++\session.xml is opened.
2023-02-19 23:52:47  C:\Users\Dessyreqt\AppData\Roaming\Notepad++\session.xml  3172/3172 bytes are written.
2023-02-19 23:52:47  C:\Users\Dessyreqt\AppData\Roaming\Notepad++\session.xml is closed.
2023-02-19 23:52:47  WM_DESTROY (isEndSessionStarted == true)
2023-02-26 08:16:22  WM_QUERYENDSESSION (lParam: 0 - ordinary system shutdown/restart) =====================================
2023-02-26 08:16:22  WM_ENDSESSION (wParam: TRUE, lParam: 0 - ordinary system shutdown/restart)
2023-02-26 08:16:22  C:\Users\Dessyreqt\AppData\Roaming\Notepad++\config.xml is opened.
2023-02-26 08:16:22  C:\Users\Dessyreqt\AppData\Roaming\Notepad++\config.xml  10164/10164 bytes are written.
2023-02-26 08:16:22  C:\Users\Dessyreqt\AppData\Roaming\Notepad++\config.xml is closed.
2023-02-26 08:16:22  C:\Users\Dessyreqt\AppData\Roaming\Notepad++\session.xml is opened.
2023-02-26 08:16:22  C:\Users\Dessyreqt\AppData\Roaming\Notepad++\session.xml  3172/3172 bytes are written.
2023-02-26 08:16:22  C:\Users\Dessyreqt\AppData\Roaming\Notepad++\session.xml is closed.
2023-02-26 08:16:22  WM_DESTROY (isEndSessionStarted == true)
2023-05-07 16:50:29  WM_QUERYENDSESSION (lParam: 1073741824 - ENDSESSION_CRITICAL) =====================================
2023-05-07 16:50:29  WM_ENDSESSION (wParam: TRUE, lParam: 1073741824 - ENDSESSION_CRITICAL)
2023-05-07 16:50:29  C:\Users\Dessyreqt\AppData\Roaming\Notepad++\config.xml is opened.
2023-05-07 16:50:29  C:\Users\Dessyreqt\AppData\Roaming\Notepad++\config.xml  10179/10179 bytes are written.
2023-05-07 16:50:29  C:\Users\Dessyreqt\AppData\Roaming\Notepad++\config.xml is closed.
2023-05-07 16:50:29  C:\Users\Dessyreqt\AppData\Roaming\Notepad++\session.xml is opened.
2023-05-07 16:50:29  C:\Users\Dessyreqt\AppData\Roaming\Notepad++\session.xml  1967/1967 bytes are written.
2023-05-07 16:50:29  C:\Users\Dessyreqt\AppData\Roaming\Notepad++\session.xml is closed.
2023-05-07 16:50:29  WM_DESTROY (isEndSessionStarted == true)
2023-05-14 00:05:22  WM_QUERYENDSESSION (lParam: 1073741824 - ENDSESSION_CRITICAL) =====================================
2023-05-14 00:05:22  WM_ENDSESSION (wParam: TRUE, lParam: 1073741824 - ENDSESSION_CRITICAL)
2023-05-14 00:05:22  C:\Users\Dessyreqt\AppData\Roaming\Notepad++\config.xml is opened.
2023-05-14 00:05:22  C:\Users\Dessyreqt\AppData\Roaming\Notepad++\config.xml  10179/10179 bytes are written.
2023-05-14 00:05:22  C:\Users\Dessyreqt\AppData\Roaming\Notepad++\config.xml is closed.
2023-05-14 00:05:22  C:\Users\Dessyreqt\AppData\Roaming\Notepad++\session.xml is opened.
2023-05-14 00:05:22  C:\Users\Dessyreqt\AppData\Roaming\Notepad++\session.xml  2562/2562 bytes are written.
2023-05-14 00:05:22  C:\Users\Dessyreqt\AppData\Roaming\Notepad++\session.xml is closed.
2023-05-14 00:05:22  WM_DESTROY (isEndSessionStarted == true)
2023-05-23 18:59:56  WM_QUERYENDSESSION (lParam: 0 - ordinary system shutdown/restart) =====================================
2023-05-23 18:59:56  WM_ENDSESSION (wParam: TRUE, lParam: 0 - ordinary system shutdown/restart)
2023-05-23 18:59:57  C:\Users\Dessyreqt\AppData\Roaming\Notepad++\config.xml is opened.
2023-05-23 18:59:57  C:\Users\Dessyreqt\AppData\Roaming\Notepad++\config.xml  10179/10179 bytes are written.
2023-05-23 18:59:57  C:\Users\Dessyreqt\AppData\Roaming\Notepad++\config.xml is closed.
2023-05-23 18:59:57  C:\Users\Dessyreqt\AppData\Roaming\Notepad++\session.xml is opened.
2023-05-23 18:59:57  C:\Users\Dessyreqt\AppData\Roaming\Notepad++\session.xml  2566/2566 bytes are written.
2023-05-23 18:59:57  C:\Users\Dessyreqt\AppData\Roaming\Notepad++\session.xml is closed.
2023-05-23 18:59:57  WM_DESTROY (isEndSessionStarted == true)
2023-05-29 03:23:42  WM_QUERYENDSESSION (lParam: 0 - ordinary system shutdown/restart) =====================================
2023-05-29 03:23:42  WM_ENDSESSION (wParam: TRUE, lParam: 0 - ordinary system shutdown/restart)
2023-05-29 03:23:43  C:\Users\Dessyreqt\AppData\Roaming\Notepad++\config.xml is opened.
2023-05-29 03:23:43  C:\Users\Dessyreqt\AppData\Roaming\Notepad++\config.xml  10180/10180 bytes are written.
2023-05-29 03:23:43  C:\Users\Dessyreqt\AppData\Roaming\Notepad++\config.xml is closed.
2023-05-29 03:23:43  C:\Users\Dessyreqt\AppData\Roaming\Notepad++\session.xml is opened.
2023-05-29 03:23:43  C:\Users\Dessyreqt\AppData\Roaming\Notepad++\session.xml  2565/2565 bytes are written.
2023-05-29 03:23:43  C:\Users\Dessyreqt\AppData\Roaming\Notepad++\session.xml is closed.
2023-05-29 03:23:43  WM_DESTROY (isEndSessionStarted == true)
2023-06-01 18:56:04  WM_QUERYENDSESSION (lParam: 0 - ordinary system shutdown/restart) =====================================
2023-06-01 18:56:04  WM_ENDSESSION (wParam: TRUE, lParam: 0 - ordinary system shutdown/restart)
2023-06-01 18:56:04  C:\Users\Dessyreqt\AppData\Roaming\Notepad++\config.xml is opened.
2023-06-01 18:56:04  C:\Users\Dessyreqt\AppData\Roaming\Notepad++\config.xml  10206/10206 bytes are written.
2023-06-01 18:56:04  C:\Users\Dessyreqt\AppData\Roaming\Notepad++\config.xml is closed.
2023-06-01 18:56:04  C:\Users\Dessyreqt\AppData\Roaming\Notepad++\session.xml is opened.
2023-06-01 18:56:04  C:\Users\Dessyreqt\AppData\Roaming\Notepad++\session.xml  2559/2559 bytes are written.
2023-06-01 18:56:04  C:\Users\Dessyreqt\AppData\Roaming\Notepad++\session.xml is closed.
2023-06-01 18:56:04  WM_DESTROY (isEndSessionStarted == true)
2023-06-09 03:22:12  WM_QUERYENDSESSION (lParam: 0 - ordinary system shutdown/restart) =====================================
2023-06-09 03:22:12  WM_ENDSESSION (wParam: TRUE, lParam: 0 - ordinary system shutdown/restart)
2023-06-09 03:22:13  C:\Users\Dessyreqt\AppData\Roaming\Notepad++\config.xml is opened.
2023-06-09 03:22:13  C:\Users\Dessyreqt\AppData\Roaming\Notepad++\config.xml  10206/10206 bytes are written.
2023-06-09 03:22:13  C:\Users\Dessyreqt\AppData\Roaming\Notepad++\config.xml is closed.
2023-06-09 03:22:13  C:\Users\Dessyreqt\AppData\Roaming\Notepad++\session.xml is opened.
2023-06-09 03:22:13  C:\Users\Dessyreqt\AppData\Roaming\Notepad++\session.xml  5048/5048 bytes are written.
2023-06-09 03:22:13  C:\Users\Dessyreqt\AppData\Roaming\Notepad++\session.xml is closed.
2023-06-09 03:22:13  WM_DESTROY (isEndSessionStarted == true)
2023-06-27 16:46:30  WM_QUERYENDSESSION (lParam: 0 - ordinary system shutdown/restart) =====================================
2023-06-27 16:46:30  WM_ENDSESSION (wParam: TRUE, lParam: 0 - ordinary system shutdown/restart)
2023-06-27 16:46:30  C:\Users\Dessyreqt\AppData\Roaming\Notepad++\config.xml is opened.
2023-06-27 16:46:30  C:\Users\Dessyreqt\AppData\Roaming\Notepad++\config.xml  10224/10224 bytes are written.
2023-06-27 16:46:30  C:\Users\Dessyreqt\AppData\Roaming\Notepad++\config.xml is closed.
2023-06-27 16:46:30  C:\Users\Dessyreqt\AppData\Roaming\Notepad++\session.xml is opened.
2023-06-27 16:46:30  C:\Users\Dessyreqt\AppData\Roaming\Notepad++\session.xml  5013/5013 bytes are written.
2023-06-27 16:46:30  C:\Users\Dessyreqt\AppData\Roaming\Notepad++\session.xml is closed.
2023-06-27 16:46:30  WM_DESTROY (isEndSessionStarted == true)
2023-07-05 16:24:47  WM_QUERYENDSESSION (lParam: 0 - ordinary system shutdown/restart) =====================================
2023-07-05 16:24:47  WM_ENDSESSION (wParam: TRUE, lParam: 0 - ordinary system shutdown/restart)
2023-07-05 16:24:47  C:\Users\Dessyreqt\AppData\Roaming\Notepad++\config.xml is opened.
2023-07-05 16:24:47  C:\Users\Dessyreqt\AppData\Roaming\Notepad++\config.xml  10224/10224 bytes are written.
2023-07-05 16:24:47  C:\Users\Dessyreqt\AppData\Roaming\Notepad++\config.xml is closed.
2023-07-05 16:24:47  C:\Users\Dessyreqt\AppData\Roaming\Notepad++\session.xml is opened.
2023-07-05 16:24:47  C:\Users\Dessyreqt\AppData\Roaming\Notepad++\session.xml  5626/5626 bytes are written.
2023-07-05 16:24:47  C:\Users\Dessyreqt\AppData\Roaming\Notepad++\session.xml is closed.
2023-07-05 16:24:47  WM_DESTROY (isEndSessionStarted == true)
2023-07-18 16:22:04  WM_QUERYENDSESSION (lParam: 0 - ordinary system shutdown/restart) =====================================
2023-07-18 16:22:04  WM_ENDSESSION (wParam: TRUE, lParam: 0 - ordinary system shutdown/restart)
2023-07-18 16:22:04  C:\Users\Dessyreqt\AppData\Roaming\Notepad++\config.xml is opened.
2023-07-18 16:22:04  C:\Users\Dessyreqt\AppData\Roaming\Notepad++\config.xml  10509/10509 bytes are written.
2023-07-18 16:22:04  C:\Users\Dessyreqt\AppData\Roaming\Notepad++\config.xml is closed.
2023-07-18 16:22:04  C:\Users\Dessyreqt\AppData\Roaming\Notepad++\session.xml is opened.
2023-07-18 16:22:04  C:\Users\Dessyreqt\AppData\Roaming\Notepad++\session.xml  3790/3790 bytes are written.
2023-07-18 16:22:04  C:\Users\Dessyreqt\AppData\Roaming\Notepad++\session.xml is closed.
2023-07-18 16:22:04  WM_DESTROY (isEndSessionStarted == true)
2023-07-28 01:57:44  WM_QUERYENDSESSION (lParam: 0 - ordinary system shutdown/restart) =====================================
2023-07-28 01:57:44  WM_ENDSESSION (wParam: TRUE, lParam: 0 - ordinary system shutdown/restart)
2023-07-28 01:57:44  C:\Users\Dessyreqt\AppData\Roaming\Notepad++\config.xml is opened.
2023-07-28 01:57:44  C:\Users\Dessyreqt\AppData\Roaming\Notepad++\config.xml  10497/10497 bytes are written.
2023-07-28 01:57:44  C:\Users\Dessyreqt\AppData\Roaming\Notepad++\config.xml is closed.
2023-07-28 01:57:44  C:\Users\Dessyreqt\AppData\Roaming\Notepad++\session.xml is opened.
2023-07-28 01:57:44  C:\Users\Dessyreqt\AppData\Roaming\Notepad++\session.xml  5015/5015 bytes are written.
2023-07-28 01:57:44  C:\Users\Dessyreqt\AppData\Roaming\Notepad++\session.xml is closed.
2023-07-28 01:57:44  WM_DESTROY (isEndSessionStarted == true)
2023-07-29 09:13:43  WM_QUERYENDSESSION (lParam: 0 - ordinary system shutdown/restart) =====================================
2023-07-29 09:13:43  WM_ENDSESSION (wParam: TRUE, lParam: 0 - ordinary system shutdown/restart)
2023-07-29 09:13:43  C:\Users\Dessyreqt\AppData\Roaming\Notepad++\config.xml is opened.
2023-07-29 09:13:43  C:\Users\Dessyreqt\AppData\Roaming\Notepad++\config.xml  10496/10496 bytes are written.
2023-07-29 09:13:43  C:\Users\Dessyreqt\AppData\Roaming\Notepad++\config.xml is closed.
2023-07-29 09:13:43  C:\Users\Dessyreqt\AppData\Roaming\Notepad++\session.xml is opened.
2023-07-29 09:13:43  C:\Users\Dessyreqt\AppData\Roaming\Notepad++\session.xml  5011/5011 bytes are written.
2023-07-29 09:13:43  C:\Users\Dessyreqt\AppData\Roaming\Notepad++\session.xml is closed.
2023-07-29 09:13:43  WM_DESTROY (isEndSessionStarted == true)
2023-09-17 04:00:03  WM_QUERYENDSESSION (lParam: 1073741825 - ENDSESSION_CLOSEAPP - ENDSESSION_CRITICAL) =====================================
2023-09-17 04:00:03  WM_ENDSESSION (wParam: TRUE, lParam: 1073741825 - ENDSESSION_CLOSEAPP - ENDSESSION_CRITICAL)
2023-09-17 04:00:03  C:\Users\Dessyreqt\AppData\Roaming\Notepad++\config.xml is opened.
2023-09-17 04:00:03  C:\Users\Dessyreqt\AppData\Roaming\Notepad++\config.xml  10521/10521 bytes are written.
2023-09-17 04:00:03  C:\Users\Dessyreqt\AppData\Roaming\Notepad++\config.xml is closed.
2023-09-17 04:00:03  C:\Users\Dessyreqt\AppData\Roaming\Notepad++\session.xml is opened.
2023-09-17 04:00:03  C:\Users\Dessyreqt\AppData\Roaming\Notepad++\session.xml  6318/6318 bytes are written.
2023-09-17 04:00:03  C:\Users\Dessyreqt\AppData\Roaming\Notepad++\session.xml is closed.
2023-09-17 04:00:03  WM_DESTROY (isEndSessionStarted == true)
2023-09-20 03:37:09  WM_QUERYENDSESSION (lParam: 0 - ordinary system shutdown/restart) =====================================
2023-09-20 03:37:09  WM_ENDSESSION (wParam: TRUE, lParam: 0 - ordinary system shutdown/restart)
2023-09-20 03:37:10  C:\Users\Dessyreqt\AppData\Roaming\Notepad++\config.xml is opened.
2023-09-20 03:37:10  C:\Users\Dessyreqt\AppData\Roaming\Notepad++\config.xml  10519/10519 bytes are written.
2023-09-20 03:37:10  C:\Users\Dessyreqt\AppData\Roaming\Notepad++\config.xml is closed.
2023-09-20 03:37:10  C:\Users\Dessyreqt\AppData\Roaming\Notepad++\session.xml is opened.
2023-09-20 03:37:10  C:\Users\Dessyreqt\AppData\Roaming\Notepad++\session.xml  6923/6923 bytes are written.
2023-09-20 03:37:10  C:\Users\Dessyreqt\AppData\Roaming\Notepad++\session.xml is closed.
2023-09-20 03:37:10  WM_DESTROY (isEndSessionStarted == true)
2023-09-26 07:26:54  WM_QUERYENDSESSION (lParam: 0 - ordinary system shutdown/restart) =====================================
2023-09-26 07:26:54  WM_ENDSESSION (wParam: TRUE, lParam: 0 - ordinary system shutdown/restart)
2023-09-26 07:26:55  C:\Users\Dessyreqt\AppData\Roaming\Notepad++\config.xml is opened.
2023-09-26 07:26:55  C:\Users\Dessyreqt\AppData\Roaming\Notepad++\config.xml  10411/10411 bytes are written.
2023-09-26 07:26:55  C:\Users\Dessyreqt\AppData\Roaming\Notepad++\config.xml is closed.
2023-09-26 07:26:55  C:\Users\Dessyreqt\AppData\Roaming\Notepad++\session.xml is opened.
2023-09-26 07:26:55  C:\Users\Dessyreqt\AppData\Roaming\Notepad++\session.xml  7605/7605 bytes are written.
2023-09-26 07:26:55  C:\Users\Dessyreqt\AppData\Roaming\Notepad++\session.xml is closed.
2023-09-26 07:26:55  WM_DESTROY (isEndSessionStarted == true)
2023-10-02 17:34:51  WM_QUERYENDSESSION (lParam: 0 - ordinary system shutdown/restart) =====================================
2023-10-02 17:34:51  WM_ENDSESSION (wParam: TRUE, lParam: 0 - ordinary system shutdown/restart)
2023-10-02 17:34:51  C:\Users\Dessyreqt\AppData\Roaming\Notepad++\config.xml is opened.
2023-10-02 17:34:51  C:\Users\Dessyreqt\AppData\Roaming\Notepad++\config.xml  10411/10411 bytes are written.
2023-10-02 17:34:51  C:\Users\Dessyreqt\AppData\Roaming\Notepad++\config.xml is closed.
2023-10-02 17:34:51  C:\Users\Dessyreqt\AppData\Roaming\Notepad++\session.xml is opened.
2023-10-02 17:34:51  C:\Users\Dessyreqt\AppData\Roaming\Notepad++\session.xml  8836/8836 bytes are written.
2023-10-02 17:34:51  C:\Users\Dessyreqt\AppData\Roaming\Notepad++\session.xml is closed.
2023-10-02 17:34:51  WM_DESTROY (isEndSessionStarted == true)
2023-10-11 17:16:01  WM_QUERYENDSESSION (lParam: 0 - ordinary system shutdown/restart) =====================================
2023-10-11 17:16:01  WM_ENDSESSION (wParam: TRUE, lParam: 0 - ordinary system shutdown/restart)
2023-10-11 17:16:01  C:\Users\Dessyreqt\AppData\Roaming\Notepad++\config.xml is opened.
2023-10-11 17:16:01  C:\Users\Dessyreqt\AppData\Roaming\Notepad++\config.xml  10411/10411 bytes are written.
2023-10-11 17:16:01  C:\Users\Dessyreqt\AppData\Roaming\Notepad++\config.xml is closed.
2023-10-11 17:16:01  C:\Users\Dessyreqt\AppData\Roaming\Notepad++\session.xml is opened.
2023-10-11 17:16:01  C:\Users\Dessyreqt\AppData\Roaming\Notepad++\session.xml  8836/8836 bytes are written.
2023-10-11 17:16:01  C:\Users\Dessyreqt\AppData\Roaming\Notepad++\session.xml is closed.
2023-10-11 17:16:01  WM_DESTROY (isEndSessionStarted == true)
2023-10-22 20:01:21  WM_QUERYENDSESSION (lParam: 0 - ordinary system shutdown/restart) =====================================
2023-10-22 20:01:22  WM_ENDSESSION (wParam: TRUE, lParam: 0 - ordinary system shutdown/restart)
2023-10-22 20:01:22  C:\Users\Dessyreqt\AppData\Roaming\Notepad++\config.xml is opened.
2023-10-22 20:01:22  C:\Users\Dessyreqt\AppData\Roaming\Notepad++\config.xml  10412/10412 bytes are written.
2023-10-22 20:01:22  C:\Users\Dessyreqt\AppData\Roaming\Notepad++\config.xml is closed.
2023-10-22 20:01:22  C:\Users\Dessyreqt\AppData\Roaming\Notepad++\session.xml is opened.
2023-10-22 20:01:22  C:\Users\Dessyreqt\AppData\Roaming\Notepad++\session.xml  8816/8816 bytes are written.
2023-10-22 20:01:22  C:\Users\Dessyreqt\AppData\Roaming\Notepad++\session.xml is closed.
2023-10-22 20:01:22  WM_DESTROY (isEndSessionStarted == true)
2023-10-23 17:56:50  WM_QUERYENDSESSION (lParam: 0 - ordinary system shutdown/restart) =====================================
2023-10-23 17:56:50  WM_ENDSESSION (wParam: TRUE, lParam: 0 - ordinary system shutdown/restart)
2023-10-23 17:56:50  C:\Users\Dessyreqt\AppData\Roaming\Notepad++\config.xml is opened.
2023-10-23 17:56:50  C:\Users\Dessyreqt\AppData\Roaming\Notepad++\config.xml  10412/10412 bytes are written.
2023-10-23 17:56:50  C:\Users\Dessyreqt\AppData\Roaming\Notepad++\config.xml is closed.
2023-10-23 17:56:50  C:\Users\Dessyreqt\AppData\Roaming\Notepad++\session.xml is opened.
2023-10-23 17:56:50  C:\Users\Dessyreqt\AppData\Roaming\Notepad++\session.xml  8816/8816 bytes are written.
2023-10-23 17:56:50  C:\Users\Dessyreqt\AppData\Roaming\Notepad++\session.xml is closed.
2023-10-23 17:56:50  WM_DESTROY (isEndSessionStarted == true)
2023-10-27 17:47:13  WM_QUERYENDSESSION (lParam: 0 - ordinary system shutdown/restart) =====================================
2023-10-27 17:47:13  WM_ENDSESSION (wParam: TRUE, lParam: 0 - ordinary system shutdown/restart)
2023-10-27 17:47:13  C:\Users\Dessyreqt\AppData\Roaming\Notepad++\config.xml is opened.
2023-10-27 17:47:13  C:\Users\Dessyreqt\AppData\Roaming\Notepad++\config.xml  10444/10444 bytes are written.
2023-10-27 17:47:13  C:\Users\Dessyreqt\AppData\Roaming\Notepad++\config.xml is closed.
2023-10-27 17:47:13  C:\Users\Dessyreqt\AppData\Roaming\Notepad++\session.xml is opened.
2023-10-27 17:47:13  C:\Users\Dessyreqt\AppData\Roaming\Notepad++\session.xml  9422/9422 bytes are written.
2023-10-27 17:47:13  C:\Users\Dessyreqt\AppData\Roaming\Notepad++\session.xml is closed.
2023-10-27 17:47:13  WM_DESTROY (isEndSessionStarted == true)
2023-10-31 17:01:17  WM_QUERYENDSESSION (lParam: 0 - ordinary system shutdown/restart) =====================================
2023-10-31 17:01:17  WM_ENDSESSION (wParam: TRUE, lParam: 0 - ordinary system shutdown/restart)
2023-10-31 17:01:17  C:\Users\Dessyreqt\AppData\Roaming\Notepad++\config.xml is opened.
2023-10-31 17:01:17  C:\Users\Dessyreqt\AppData\Roaming\Notepad++\config.xml  10444/10444 bytes are written.
2023-10-31 17:01:17  C:\Users\Dessyreqt\AppData\Roaming\Notepad++\config.xml is closed.
2023-10-31 17:01:17  C:\Users\Dessyreqt\AppData\Roaming\Notepad++\session.xml is opened.
2023-10-31 17:01:17  C:\Users\Dessyreqt\AppData\Roaming\Notepad++\session.xml  10028/10028 bytes are written.
2023-10-31 17:01:17  C:\Users\Dessyreqt\AppData\Roaming\Notepad++\session.xml is closed.
2023-10-31 17:01:17  WM_DESTROY (isEndSessionStarted == true)
2023-11-17 18:18:10  WM_QUERYENDSESSION (lParam: 0 - ordinary system shutdown/restart) =====================================
2023-11-17 18:18:11  WM_ENDSESSION (wParam: TRUE, lParam: 0 - ordinary system shutdown/restart)
2023-11-17 18:18:11  C:\Users\Dessyreqt\AppData\Roaming\Notepad++\config.xml is opened.
2023-11-17 18:18:11  C:\Users\Dessyreqt\AppData\Roaming\Notepad++\config.xml  10490/10490 bytes are written.
2023-11-17 18:18:11  C:\Users\Dessyreqt\AppData\Roaming\Notepad++\config.xml is closed.
2023-11-17 18:18:11  C:\Users\Dessyreqt\AppData\Roaming\Notepad++\session.xml is opened.
2023-11-17 18:18:11  C:\Users\Dessyreqt\AppData\Roaming\Notepad++\session.xml  1998/1998 bytes are written.
2023-11-17 18:18:11  C:\Users\Dessyreqt\AppData\Roaming\Notepad++\session.xml is closed.
2023-11-17 18:18:11  WM_DESTROY (isEndSessionStarted == true)
2023-11-20 06:49:05  WM_QUERYENDSESSION (lParam: 0 - ordinary system shutdown/restart) =====================================
2023-11-20 06:49:05  WM_ENDSESSION (wParam: TRUE, lParam: 0 - ordinary system shutdown/restart)
2023-11-20 06:49:05  C:\Users\Dessyreqt\AppData\Roaming\Notepad++\config.xml is opened.
2023-11-20 06:49:05  C:\Users\Dessyreqt\AppData\Roaming\Notepad++\config.xml  10490/10490 bytes are written.
2023-11-20 06:49:05  C:\Users\Dessyreqt\AppData\Roaming\Notepad++\config.xml is closed.
2023-11-20 06:49:05  C:\Users\Dessyreqt\AppData\Roaming\Notepad++\session.xml is opened.
2023-11-20 06:49:05  C:\Users\Dessyreqt\AppData\Roaming\Notepad++\session.xml  5174/5174 bytes are written.
2023-11-20 06:49:05  C:\Users\Dessyreqt\AppData\Roaming\Notepad++\session.xml is closed.
2023-11-20 06:49:05  WM_DESTROY (isEndSessionStarted == true)
2023-12-14 03:13:01  WM_QUERYENDSESSION (lParam: 1073741825 - ENDSESSION_CLOSEAPP - ENDSESSION_CRITICAL) =====================================
2023-12-14 03:13:01  WM_ENDSESSION (wParam: TRUE, lParam: 1073741825 - ENDSESSION_CLOSEAPP - ENDSESSION_CRITICAL)
2023-12-14 03:13:02  C:\Users\Dessyreqt\AppData\Roaming\Notepad++\config.xml is opened.
2023-12-14 03:13:02  C:\Users\Dessyreqt\AppData\Roaming\Notepad++\config.xml  11608/11608 bytes are written.
2023-12-14 03:13:02  C:\Users\Dessyreqt\AppData\Roaming\Notepad++\config.xml is closed.
2023-12-14 03:13:02  C:\Users\Dessyreqt\AppData\Roaming\Notepad++\session.xml is opened.
2023-12-14 03:13:02  C:\Users\Dessyreqt\AppData\Roaming\Notepad++\session.xml  15424/15424 bytes are written.
2023-12-14 03:13:02  C:\Users\Dessyreqt\AppData\Roaming\Notepad++\session.xml is closed.
2023-12-14 03:13:02  WM_DESTROY (isEndSessionStarted == true)
2024-01-02 01:25:36  WM_QUERYENDSESSION (lParam: 1073741824 - ENDSESSION_CRITICAL) =====================================
2024-01-02 01:25:36  WM_ENDSESSION (wParam: TRUE, lParam: 1073741824 - ENDSESSION_CRITICAL)
2024-01-02 01:25:37  C:\Users\Dessyreqt\AppData\Roaming\Notepad++\config.xml is opened.
2024-01-02 01:25:37  C:\Users\Dessyreqt\AppData\Roaming\Notepad++\config.xml  11590/11590 bytes are written.
2024-01-02 01:25:37  C:\Users\Dessyreqt\AppData\Roaming\Notepad++\config.xml is closed.
2024-01-02 01:25:37  C:\Users\Dessyreqt\AppData\Roaming\Notepad++\session.xml is opened.
2024-01-02 01:25:37  C:\Users\Dessyreqt\AppData\Roaming\Notepad++\session.xml  17859/17859 bytes are written.
2024-01-02 01:25:37  C:\Users\Dessyreqt\AppData\Roaming\Notepad++\session.xml is closed.
2024-01-10 02:54:01  WM_QUERYENDSESSION (lParam: 1073741825 - ENDSESSION_CLOSEAPP - ENDSESSION_CRITICAL) =====================================
2024-01-10 02:54:01  WM_ENDSESSION (wParam: TRUE, lParam: 1073741825 - ENDSESSION_CLOSEAPP - ENDSESSION_CRITICAL)
2024-01-10 02:54:02  C:\Users\Dessyreqt\AppData\Roaming\Notepad++\config.xml is opened.
2024-01-10 02:54:02  C:\Users\Dessyreqt\AppData\Roaming\Notepad++\config.xml  11816/11816 bytes are written.
2024-01-10 02:54:02  C:\Users\Dessyreqt\AppData\Roaming\Notepad++\config.xml is closed.
2024-01-10 02:54:02  C:\Users\Dessyreqt\AppData\Roaming\Notepad++\session.xml is opened.
2024-01-10 02:54:02  C:\Users\Dessyreqt\AppData\Roaming\Notepad++\session.xml  17881/17881 bytes are written.
2024-01-10 02:54:02  C:\Users\Dessyreqt\AppData\Roaming\Notepad++\session.xml is closed.
2024-03-13 03:29:02  WM_QUERYENDSESSION (lParam: 1073741825 - ENDSESSION_CLOSEAPP - ENDSESSION_CRITICAL) =====================================
2024-03-13 03:29:02  WM_ENDSESSION (wParam: TRUE, lParam: 1073741825 - ENDSESSION_CLOSEAPP - ENDSESSION_CRITICAL)
2024-03-13 03:29:03  C:\Users\Dessyreqt\AppData\Roaming\Notepad++\config.xml is opened.
2024-03-13 03:29:03  C:\Users\Dessyreqt\AppData\Roaming\Notepad++\config.xml  11504/11504 bytes are written.
2024-03-13 03:29:03  C:\Users\Dessyreqt\AppData\Roaming\Notepad++\config.xml is closed.
2024-03-13 03:29:03  C:\Users\Dessyreqt\AppData\Roaming\Notepad++\session.xml is opened.
2024-03-13 03:29:03  C:\Users\Dessyreqt\AppData\Roaming\Notepad++\session.xml  21084/21084 bytes are written.
2024-03-13 03:29:03  C:\Users\Dessyreqt\AppData\Roaming\Notepad++\session.xml is closed.
2024-03-13 03:29:03  WM_DESTROY (isEndSessionStarted == true)
2024-04-11 04:27:02  WM_QUERYENDSESSION (lParam: 1073741825 - ENDSESSION_CLOSEAPP - ENDSESSION_CRITICAL) =====================================
2024-04-11 04:27:02  WM_ENDSESSION (wParam: TRUE, lParam: 1073741825 - ENDSESSION_CLOSEAPP - ENDSESSION_CRITICAL)
2024-04-11 04:27:03  C:\Users\Dessyreqt\AppData\Roaming\Notepad++\config.xml is opened.
2024-04-11 04:27:03  C:\Users\Dessyreqt\AppData\Roaming\Notepad++\config.xml  11561/11561 bytes are written.
2024-04-11 04:27:03  C:\Users\Dessyreqt\AppData\Roaming\Notepad++\config.xml is closed.
2024-04-11 04:27:03  C:\Users\Dessyreqt\AppData\Roaming\Notepad++\session.xml is opened.
2024-04-11 04:27:03  C:\Users\Dessyreqt\AppData\Roaming\Notepad++\session.xml  22270/22270 bytes are written.
2024-04-11 04:27:03  C:\Users\Dessyreqt\AppData\Roaming\Notepad++\session.xml is closed.
2024-04-11 04:27:03  WM_DESTROY (isEndSessionStarted == true)
2024-05-21 02:44:01  WM_QUERYENDSESSION (lParam: 1073741825 - ENDSESSION_CLOSEAPP - ENDSESSION_CRITICAL) =====================================
2024-05-21 02:44:01  WM_ENDSESSION (wParam: TRUE, lParam: 1073741825 - ENDSESSION_CLOSEAPP - ENDSESSION_CRITICAL)
2024-05-21 02:44:01  C:\Users\Dessyreqt\AppData\Roaming\Notepad++\config.xml is opened.
2024-05-21 02:44:01  C:\Users\Dessyreqt\AppData\Roaming\Notepad++\config.xml  11657/11657 bytes are written.
2024-05-21 02:44:01  C:\Users\Dessyreqt\AppData\Roaming\Notepad++\config.xml is closed.
2024-05-21 02:44:01  C:\Users\Dessyreqt\AppData\Roaming\Notepad++\session.xml is opened.
2024-05-21 02:44:01  C:\Users\Dessyreqt\AppData\Roaming\Notepad++\session.xml  10077/10077 bytes are written.
2024-05-21 02:44:01  C:\Users\Dessyreqt\AppData\Roaming\Notepad++\session.xml is closed.
2024-05-21 02:44:01  WM_DESTROY (isEndSessionStarted == true)
2024-05-24 08:53:32  WM_QUERYENDSESSION (lParam: 0 - ordinary system shutdown/restart) =====================================
2024-05-24 08:53:32  WM_ENDSESSION (wParam: TRUE, lParam: 0 - ordinary system shutdown/restart)
2024-05-24 08:53:33  C:\Users\Dessyreqt\AppData\Roaming\Notepad++\config.xml is opened.
2024-05-24 08:53:33  C:\Users\Dessyreqt\AppData\Roaming\Notepad++\config.xml  11750/11750 bytes are written.
2024-05-24 08:53:33  C:\Users\Dessyreqt\AppData\Roaming\Notepad++\config.xml is closed.
2024-05-24 08:53:33  C:\Users\Dessyreqt\AppData\Roaming\Notepad++\session.xml is opened.
2024-05-24 08:53:33  C:\Users\Dessyreqt\AppData\Roaming\Notepad++\session.xml  10074/10074 bytes are written.
2024-05-24 08:53:33  C:\Users\Dessyreqt\AppData\Roaming\Notepad++\session.xml is closed.
2024-05-24 08:53:33  WM_DESTROY (isEndSessionStarted == true)
2024-06-12 03:04:01  WM_QUERYENDSESSION (lParam: 1073741825 - ENDSESSION_CLOSEAPP - ENDSESSION_CRITICAL) =====================================
2024-06-12 03:04:01  WM_ENDSESSION (wParam: TRUE, lParam: 1073741825 - ENDSESSION_CLOSEAPP - ENDSESSION_CRITICAL)
2024-06-12 03:04:01  C:\Users\Dessyreqt\AppData\Roaming\Notepad++\config.xml is opened.
2024-06-12 03:04:01  C:\Users\Dessyreqt\AppData\Roaming\Notepad++\config.xml  11696/11696 bytes are written.
2024-06-12 03:04:01  C:\Users\Dessyreqt\AppData\Roaming\Notepad++\config.xml is closed.
2024-06-12 03:04:01  C:\Users\Dessyreqt\AppData\Roaming\Notepad++\session.xml is opened.
2024-06-12 03:04:01  C:\Users\Dessyreqt\AppData\Roaming\Notepad++\session.xml  11777/11777 bytes are written.
2024-06-12 03:04:01  C:\Users\Dessyreqt\AppData\Roaming\Notepad++\session.xml is closed.
2024-06-12 03:04:01  WM_DESTROY (isEndSessionStarted == true)
2024-07-09 21:49:25  WM_QUERYENDSESSION (lParam: 0 - ordinary system shutdown/restart) =====================================
2024-07-09 21:49:25  WM_ENDSESSION (wParam: TRUE, lParam: 0 - ordinary system shutdown/restart)
2024-07-09 21:49:25  C:\Users\Dessyreqt\AppData\Roaming\Notepad++\config.xml is opened.
2024-07-09 21:49:25  C:\Users\Dessyreqt\AppData\Roaming\Notepad++\config.xml  11442/11442 bytes are written.
2024-07-09 21:49:25  C:\Users\Dessyreqt\AppData\Roaming\Notepad++\config.xml is closed.
2024-07-09 21:49:25  C:\Users\Dessyreqt\AppData\Roaming\Notepad++\session.xml is opened.
2024-07-09 21:49:25  C:\Users\Dessyreqt\AppData\Roaming\Notepad++\session.xml  11302/11302 bytes are written.
2024-07-09 21:49:25  C:\Users\Dessyreqt\AppData\Roaming\Notepad++\session.xml is closed.
2024-08-14 02:42:01  WM_QUERYENDSESSION (lParam: 1073741825 - ENDSESSION_CLOSEAPP - ENDSESSION_CRITICAL) =====================================
2024-08-14 02:42:01  WM_ENDSESSION (wParam: TRUE, lParam: 1073741825 - ENDSESSION_CLOSEAPP - ENDSESSION_CRITICAL)
2024-08-14 02:42:02  C:\Users\Dessyreqt\AppData\Roaming\Notepad++\config.xml is opened.
2024-08-14 02:42:02  C:\Users\Dessyreqt\AppData\Roaming\Notepad++\config.xml  11526/11526 bytes are written.
2024-08-14 02:42:02  C:\Users\Dessyreqt\AppData\Roaming\Notepad++\config.xml is closed.
2024-08-14 02:42:02  C:\Users\Dessyreqt\AppData\Roaming\Notepad++\session.xml is opened.
2024-08-14 02:42:02  C:\Users\Dessyreqt\AppData\Roaming\Notepad++\session.xml  13266/13266 bytes are written.
2024-08-14 02:42:02  C:\Users\Dessyreqt\AppData\Roaming\Notepad++\session.xml is closed.
2024-08-14 02:42:02  WM_DESTROY (isEndSessionStarted == true)
2024-08-14 08:18:08  WM_QUERYENDSESSION (lParam: 0 - ordinary system shutdown/restart) =====================================
2024-08-14 08:18:08  WM_ENDSESSION (wParam: TRUE, lParam: 0 - ordinary system shutdown/restart)
2024-08-14 08:18:09  C:\Users\Dessyreqt\AppData\Roaming\Notepad++\config.xml is opened.
2024-08-14 08:18:09  C:\Users\Dessyreqt\AppData\Roaming\Notepad++\config.xml  11526/11526 bytes are written.
2024-08-14 08:18:09  C:\Users\Dessyreqt\AppData\Roaming\Notepad++\config.xml is closed.
2024-08-14 08:18:09  C:\Users\Dessyreqt\AppData\Roaming\Notepad++\session.xml is opened.
2024-08-14 08:18:09  C:\Users\Dessyreqt\AppData\Roaming\Notepad++\session.xml  12574/12574 bytes are written.
2024-08-14 08:18:09  C:\Users\Dessyreqt\AppData\Roaming\Notepad++\session.xml is closed.
2024-08-14 08:18:09  WM_DESTROY (isEndSessionStarted == true)
2024-09-11 04:21:01  WM_QUERYENDSESSION (lParam: 1073741825 - ENDSESSION_CLOSEAPP - ENDSESSION_CRITICAL) =====================================
2024-09-11 04:21:01  WM_ENDSESSION (wParam: TRUE, lParam: 1073741825 - ENDSESSION_CLOSEAPP - ENDSESSION_CRITICAL)
2024-09-11 04:21:02  C:\Users\Dessyreqt\AppData\Roaming\Notepad++\config.xml is opened.
2024-09-11 04:21:02  C:\Users\Dessyreqt\AppData\Roaming\Notepad++\config.xml  11735/11735 bytes are written.
2024-09-11 04:21:02  C:\Users\Dessyreqt\AppData\Roaming\Notepad++\config.xml is closed.
2024-09-11 04:21:02  C:\Users\Dessyreqt\AppData\Roaming\Notepad++\session.xml is opened.
2024-09-11 04:21:02  C:\Users\Dessyreqt\AppData\Roaming\Notepad++\session.xml  15119/15119 bytes are written.
2024-09-11 04:21:02  C:\Users\Dessyreqt\AppData\Roaming\Notepad++\session.xml is closed.
2024-09-11 04:21:02  WM_DESTROY (isEndSessionStarted == true)
2024-11-13 04:34:03  WM_QUERYENDSESSION (lParam: 1073741825 - ENDSESSION_CLOSEAPP - ENDSESSION_CRITICAL) =====================================
2024-11-13 04:34:03  WM_ENDSESSION (wParam: TRUE, lParam: 1073741825 - ENDSESSION_CLOSEAPP - ENDSESSION_CRITICAL)
2024-11-13 04:34:04  C:\Users\Dessyreqt\AppData\Roaming\Notepad++\config.xml is opened.
2024-11-13 04:34:04  C:\Users\Dessyreqt\AppData\Roaming\Notepad++\config.xml  11349/11349 bytes are written.
2024-11-13 04:34:04  C:\Users\Dessyreqt\AppData\Roaming\Notepad++\config.xml is closed.
2024-11-13 04:34:04  C:\Users\Dessyreqt\AppData\Roaming\Notepad++\session.xml is opened.
2024-11-13 04:34:04  C:\Users\Dessyreqt\AppData\Roaming\Notepad++\session.xml  19280/19280 bytes are written.
2024-11-13 04:34:04  C:\Users\Dessyreqt\AppData\Roaming\Notepad++\session.xml is closed.
2024-11-13 04:34:04  WM_DESTROY (isEndSessionStarted == true)
2024-11-28 20:59:15  WM_QUERYENDSESSION (lParam: 0 - ordinary system shutdown/restart) =====================================
2024-11-28 20:59:15  WM_ENDSESSION (wParam: TRUE, lParam: 0 - ordinary system shutdown/restart)
2024-11-28 20:59:15  C:\Users\Dessyreqt\AppData\Roaming\Notepad++\config.xml is opened.
2024-11-28 20:59:15  C:\Users\Dessyreqt\AppData\Roaming\Notepad++\config.xml  11480/11480 bytes are written.
2024-11-28 20:59:15  C:\Users\Dessyreqt\AppData\Roaming\Notepad++\config.xml is closed.
2024-11-28 20:59:15  C:\Users\Dessyreqt\AppData\Roaming\Notepad++\session.xml is opened.
2024-11-28 20:59:15  C:\Users\Dessyreqt\AppData\Roaming\Notepad++\session.xml  21126/21126 bytes are written.
2024-11-28 20:59:15  C:\Users\Dessyreqt\AppData\Roaming\Notepad++\session.xml is closed.
2024-12-11 04:46:01  WM_QUERYENDSESSION (lParam: 1073741825 - ENDSESSION_CLOSEAPP - ENDSESSION_CRITICAL) =====================================
2024-12-11 04:46:01  WM_ENDSESSION (wParam: TRUE, lParam: 1073741825 - ENDSESSION_CLOSEAPP - ENDSESSION_CRITICAL)
2024-12-11 04:46:02  C:\Users\Dessyreqt\AppData\Roaming\Notepad++\config.xml is opened.
2024-12-11 04:46:02  C:\Users\Dessyreqt\AppData\Roaming\Notepad++\config.xml  11491/11491 bytes are written.
2024-12-11 04:46:02  C:\Users\Dessyreqt\AppData\Roaming\Notepad++\config.xml is closed.
2024-12-11 04:46:02  C:\Users\Dessyreqt\AppData\Roaming\Notepad++\session.xml is opened.
2024-12-11 04:46:02  C:\Users\Dessyreqt\AppData\Roaming\Notepad++\session.xml  21122/21122 bytes are written.
2024-12-11 04:46:02  C:\Users\Dessyreqt\AppData\Roaming\Notepad++\session.xml is closed.
2024-12-11 04:46:02  WM_DESTROY (isEndSessionStarted == true)
2025-01-15 04:39:03  WM_QUERYENDSESSION (lParam: 1073741825 - ENDSESSION_CLOSEAPP - ENDSESSION_CRITICAL) =====================================
2025-01-15 04:39:03  WM_ENDSESSION (wParam: TRUE, lParam: 1073741825 - ENDSESSION_CLOSEAPP - ENDSESSION_CRITICAL)
2025-01-15 04:39:03  C:\Users\Dessyreqt\AppData\Roaming\Notepad++\config.xml is opened.
2025-01-15 04:39:03  C:\Users\Dessyreqt\AppData\Roaming\Notepad++\config.xml  11692/11692 bytes are written.
2025-01-15 04:39:03  C:\Users\Dessyreqt\AppData\Roaming\Notepad++\config.xml is closed.
2025-01-15 04:39:03  C:\Users\Dessyreqt\AppData\Roaming\Notepad++\session.xml is opened.
2025-01-15 04:39:03  C:\Users\Dessyreqt\AppData\Roaming\Notepad++\session.xml  27939/27939 bytes are written.
2025-01-15 04:39:03  C:\Users\Dessyreqt\AppData\Roaming\Notepad++\session.xml is closed.
2025-01-15 04:39:03  WM_DESTROY (isEndSessionStarted == true)
2025-02-16 04:13:01  WM_QUERYENDSESSION (lParam: 1073741825 - ENDSESSION_CLOSEAPP - ENDSESSION_CRITICAL) =====================================
2025-02-16 04:13:01  WM_ENDSESSION (wParam: TRUE, lParam: 1073741825 - ENDSESSION_CLOSEAPP - ENDSESSION_CRITICAL)
2025-02-16 04:13:02  C:\Users\Dessyreqt\AppData\Roaming\Notepad++\config.xml is opened.
2025-02-16 04:13:02  C:\Users\Dessyreqt\AppData\Roaming\Notepad++\config.xml  11563/11563 bytes are written.
2025-02-16 04:13:02  C:\Users\Dessyreqt\AppData\Roaming\Notepad++\config.xml is closed.
2025-02-16 04:13:02  C:\Users\Dessyreqt\AppData\Roaming\Notepad++\session.xml is opened.
2025-02-16 04:13:02  C:\Users\Dessyreqt\AppData\Roaming\Notepad++\session.xml  30422/30422 bytes are written.
2025-02-16 04:13:02  C:\Users\Dessyreqt\AppData\Roaming\Notepad++\session.xml is closed.
2025-02-16 04:13:02  WM_DESTROY (isEndSessionStarted == true)
2025-02-19 18:31:26  WM_QUERYENDSESSION (lParam: 0 - ordinary system shutdown/restart) =====================================
2025-02-19 18:31:26  WM_ENDSESSION (wParam: TRUE, lParam: 0 - ordinary system shutdown/restart)
2025-02-19 18:31:27  C:\Users\Dessyreqt\AppData\Roaming\Notepad++\config.xml is opened.
2025-02-19 18:31:27  C:\Users\Dessyreqt\AppData\Roaming\Notepad++\config.xml  11610/11610 bytes are written.
2025-02-19 18:31:27  C:\Users\Dessyreqt\AppData\Roaming\Notepad++\config.xml is closed.
2025-02-19 18:31:27  C:\Users\Dessyreqt\AppData\Roaming\Notepad++\session.xml is opened.
2025-02-19 18:31:27  C:\Users\Dessyreqt\AppData\Roaming\Notepad++\session.xml  31153/31153 bytes are written.
2025-02-19 18:31:27  C:\Users\Dessyreqt\AppData\Roaming\Notepad++\session.xml is closed.
2025-02-19 18:31:27  WM_DESTROY (isEndSessionStarted == true)
2025-03-18 02:39:01  WM_QUERYENDSESSION (lParam: 1073741825 - ENDSESSION_CLOSEAPP - ENDSESSION_CRITICAL) =====================================
2025-03-18 02:39:01  WM_ENDSESSION (wParam: TRUE, lParam: 1073741825 - ENDSESSION_CLOSEAPP - ENDSESSION_CRITICAL)
2025-03-18 02:39:02  C:\Users\Dessyreqt\AppData\Roaming\Notepad++\config.xml is opened.
2025-03-18 02:39:02  C:\Users\Dessyreqt\AppData\Roaming\Notepad++\config.xml  11549/11549 bytes are written.
2025-03-18 02:39:02  C:\Users\Dessyreqt\AppData\Roaming\Notepad++\config.xml is closed.
2025-03-18 02:39:02  C:\Users\Dessyreqt\AppData\Roaming\Notepad++\session.xml is opened.
2025-03-18 02:39:02  C:\Users\Dessyreqt\AppData\Roaming\Notepad++\session.xml  31115/31115 bytes are written.
2025-03-18 02:39:02  C:\Users\Dessyreqt\AppData\Roaming\Notepad++\session.xml is closed.
